Compilazione avviata 02/12/2014 10:31:57.
     1>Progetto "c:\Users\Pascu\documents\visual studio 2012\Projects\SpaceInvaders\SpaceInvaders\SpaceInvaders.vcxproj" sul nodo 2 (destinazioni: Build).
     1>ClCompile:
         C:\Program Files (x86)\Microsoft Visual Studio 12.0\VC\bin\CL.exe /c /ZI /nologo /W3 /WX- /sdl /Od /Oy- /D WIN32 /D _DEBUG /D _CONSOLE /D _UNICODE /D UNICODE /Gm /EHsc /RTC1 /MDd /GS /fp:precise /Zc:wchar_t /Zc:forScope /Fo"Debug\\" /Fd"Debug\vc110.pdb" /Gd /TP /analyze- /errorReport:prompt Main.cpp
         Main.cpp
     1>c:\users\pascu\documents\visual studio 2012\projects\spaceinvaders\spaceinvaders\main.cpp(364): warning C4018: '<': errata corrispondenza tra signed e unsigned
     1>c:\users\pascu\documents\visual studio 2012\projects\spaceinvaders\spaceinvaders\main.cpp(375): warning C4018: '<': errata corrispondenza tra signed e unsigned
     1>c:\users\pascu\documents\visual studio 2012\projects\spaceinvaders\spaceinvaders\main.cpp(1537): warning C4018: '<': errata corrispondenza tra signed e unsigned
     1>c:\users\pascu\documents\visual studio 2012\projects\spaceinvaders\spaceinvaders\main.cpp(1696): warning C4018: '<': errata corrispondenza tra signed e unsigned
     1>c:\users\pascu\documents\visual studio 2012\projects\spaceinvaders\spaceinvaders\main.cpp(1709): warning C4018: '<': errata corrispondenza tra signed e unsigned
     1>c:\users\pascu\documents\visual studio 2012\projects\spaceinvaders\spaceinvaders\main.cpp(1742): warning C4018: '<': errata corrispondenza tra signed e unsigned
     1>c:\users\pascu\documents\visual studio 2012\projects\spaceinvaders\spaceinvaders\main.cpp(1887): warning C4018: '<': errata corrispondenza tra signed e unsigned
     1>c:\users\pascu\documents\visual studio 2012\projects\spaceinvaders\spaceinvaders\main.cpp(1898): warning C4018: '<': errata corrispondenza tra signed e unsigned
     1>c:\users\pascu\documents\visual studio 2012\projects\spaceinvaders\spaceinvaders\main.cpp(1941): warning C4018: '<': errata corrispondenza tra signed e unsigned
       Link:
         C:\Program Files (x86)\Microsoft Visual Studio 12.0\VC\bin\link.exe /ERRORREPORT:PROMPT /OUT:"c:\users\pascu\documents\visual studio 2012\Projects\SpaceInvaders\Debug\SpaceInvaders.exe" /INCREMENTAL /NOLOGO kernel32.lib user32.lib gdi32.lib winspool.lib comdlg32.lib advapi32.lib shell32.lib ole32.lib oleaut32.lib uuid.lib odbc32.lib odbccp32.lib /MANIFEST /MANIFESTUAC:"level='asInvoker' uiAccess='false'" /manifest:embed /DEBUG /PDB:"c:\users\pascu\documents\visual studio 2012\Projects\SpaceInvaders\Debug\SpaceInvaders.pdb" /SUBSYSTEM:CONSOLE /TLBID:1 /DYNAMICBASE /NXCOMPAT /IMPLIB:"c:\users\pascu\documents\visual studio 2012\Projects\SpaceInvaders\Debug\SpaceInvaders.lib" /MACHINE:X86 Debug\Main.obj
         SpaceInvaders.vcxproj -> c:\users\pascu\documents\visual studio 2012\Projects\SpaceInvaders\Debug\SpaceInvaders.exe
     1>Compilazione progetto "c:\Users\Pascu\documents\visual studio 2012\Projects\SpaceInvaders\SpaceInvaders\SpaceInvaders.vcxproj" (destinazioni: Build) completata.

Compilazione completata.

Tempo trascorso 00:00:02.38
